0 silly argv {
0 silly argv   _: [ 'watch' ],
0 silly argv   scope: '@mittwald/flow-components',
0 silly argv   includeDependencies: true,
0 silly argv   '--': [ 'lerna', 'run', 'build:deps', '--scope=@mittwald/flow-components' ],
0 silly argv   lernaVersion: '8.0.0',
0 silly argv   '$0': '../../.yarn/cache/lerna-npm-8.0.0-3c219d85d8-8708f23eea.zip/node_modules/lerna/dist/cli.js',
0 silly argv   command: 'lerna run build:deps --scope=@mittwald/flow-components'
0 silly argv }
1 notice cli v8.0.0
2 verbose packageConfigs Explicit "packages" configuration found in lerna.json. Resolving packages using the configured glob(s): ["packages/*"]
3 verbose rootPath /Users/lmeyer/Entwicklung/Frontend/new/flow
4 error /Users/lmeyer/Entwicklung/Frontend/new/flow/.pnp.cjs:6
4 error '{\
4 error
4 error SyntaxError: Invalid or unexpected token
4 error     at internalCompileFunction (node:internal/vm:77:18)
4 error     at wrapSafe (node:internal/modules/cjs/loader:1288:20)
4 error     at Module._compile (node:internal/modules/cjs/loader:1340:27)
4 error     at Module._extensions..js (node:internal/modules/cjs/loader:1435:10)
4 error     at require$$0.Module._extensions..js (/Users/lmeyer/Entwicklung/Frontend/new/flow/.pnp.cjs:30368:33)
4 error     at Module.load (node:internal/modules/cjs/loader:1207:32)
4 error     at loadApiInstance (/Users/lmeyer/Entwicklung/Frontend/new/flow/.pnp.cjs:32006:12)
4 error     at refreshApiEntry (/Users/lmeyer/Entwicklung/Frontend/new/flow/.pnp.cjs:32018:27)
4 error     at Object.getApiEntry (/Users/lmeyer/Entwicklung/Frontend/new/flow/.pnp.cjs:32025:9)
